<?xml version="1.0" encoding="UTF-8"?>
<!-- Generated by org.testng.reporters.JUnitReportReporter -->
<testsuite hostname="LAPTOP-7CB5UQVM" failures="0" tests="1" name="com.opencart.tests.TestWishList" time="6.464" errors="0" timestamp="2021-04-20T15:08:54 IST" skipped="0">
  <testcase classname="com.opencart.tests.TestWishList" name="createAccountDetails" time="6.464"/>
  <system-out/>
</testsuite> <!-- com.opencart.tests.TestWishList -->
