<?xml version="1.0" encoding="UTF-8"?>
<!-- Generated by org.testng.reporters.JUnitReportReporter -->
<testsuite hostname="DESKTOP-T5MNG6G" failures="0" tests="1" name="com.opencart.tests.WishListTest" time="4.657" errors="0" timestamp="2021-05-12T15:38:07 IST" skipped="0">
  <testcase classname="com.opencart.tests.WishListTest" name="createAccountDetails" time="4.657"/>
  <system-out/>
</testsuite> <!-- com.opencart.tests.WishListTest -->
