<?xml version="1.0" encoding="UTF-8"?>
<!-- Generated by org.testng.reporters.JUnitReportReporter -->
<testsuite hostname="DESKTOP-T5MNG6G" failures="0" tests="2" name="com.opencart.prallelexecution.PrallelExecution" time="32.598" errors="0" timestamp="2021-05-12T15:38:07 IST" skipped="0">
  <testcase classname="com.opencart.prallelexecution.PrallelExecution" name="verifyparallel1" time="14.109"/>
  <system-out>
    <![CDATA[google website is opened]]>
  </system-out>
  <testcase classname="com.opencart.prallelexecution.PrallelExecution" name="verifyparallel" time="18.489"/>
  <system-out>
    <![CDATA[lumens website is opened]]>
  </system-out>
</testsuite> <!-- com.opencart.prallelexecution.PrallelExecution -->
