<?xml version="1.0" encoding="UTF-8"?>
<!-- Generated by org.testng.reporters.JUnitReportReporter -->
<testsuite hostname="DESKTOP-T5MNG6G" failures="0" tests="1" name="com.opencart.tests.GuestCheckOutTest" time="26.710" errors="0" timestamp="2021-05-12T15:38:07 IST" skipped="0">
  <testcase classname="com.opencart.tests.GuestCheckOutTest" name="createAccountDetails" time="26.710"/>
  <system-out/>
</testsuite> <!-- com.opencart.tests.GuestCheckOutTest -->
