<?xml version="1.0" encoding="UTF-8"?>
<!-- Generated by org.testng.reporters.JUnitReportReporter -->
<testsuite hostname="DESKTOP-6BF1I8Q" failures="0" tests="6" name="OpencartTestClass.TC001_Registeration" time="71.912" errors="0" timestamp="2021-05-10T17:09:24 IST" skipped="0">
  <testcase classname="OpencartTestClass.TC001_Registeration" name="accountregister" time="9.180"/>
  <system-out/>
  <testcase classname="OpencartTestClass.TC001_Registeration" name="accountregistermismatch" time="12.071"/>
  <system-out/>
  <testcase classname="OpencartTestClass.TC001_Registeration" name="login" time="4.301"/>
  <system-out/>
  <testcase classname="OpencartTestClass.TC001_Registeration" name="Iphoneaddtocart" time="22.042"/>
  <system-out/>
  <testcase classname="OpencartTestClass.TC001_Registeration" name="entercouponcode" time="18.028"/>
  <system-out/>
  <testcase classname="OpencartTestClass.TC001_Registeration" name="HPlaptop" time="6.290"/>
  <system-out/>
</testsuite> <!-- OpencartTestClass.TC001_Registeration -->
